# JRE version: Java(TM) SE Runtime Environment (17.0.12+8) (build 17.0.12+8-LTS-286)
# Java VM: Java HotSpot(TM) 64-Bit Server VM (17.0.12+8-LTS-286, mixed mode, sharing, tiered, compressed oops, compressed class ptrs, g1 gc, windows-amd64)
GC Precious Log:
 CPUs: 8 total, 8 available
 Memory: 7937M
 Large Page Support: Disabled
 NUMA Support: Disabled
 Compressed Oops: Enabled (32-bit)
 Heap Region Size: 1M
 Heap Min Capacity: 8M
 Heap Initial Capacity: 126M
 Heap Max Capacity: 1986M
 Pre-touch: Disabled
 Parallel Workers: 8
 Concurrent Workers: 2
 Concurrent Refinement Workers: 8
 Periodic GC: Disabled
Heap:
 garbage-first heap   total 100352K, used 59520K [0x0000000083e00000, 0x0000000100000000)
  region size 1024K, 41 young (41984K), 2 survivors (2048K)
 Metaspace       used 54981K, committed 55424K, reserved 1114112K
  class space    used 7517K, committed 7744K, reserved 1048576K
GC Heap History (20 events):
Event: 1.262 GC heap before
{Heap before GC invocations=1 (full 0):
 garbage-first heap   total 129024K, used 34814K [0x0000000083e00000, 0x0000000100000000)
  region size 1024K, 31 young (31744K), 3 survivors (3072K)
 Metaspace       used 13638K, committed 13824K, reserved 1114112K
  class space    used 1658K, committed 1728K, reserved 1048576K
}
Event: 1.268 GC heap after
{Heap after GC invocations=2 (full 0):
 garbage-first heap   total 129024K, used 9246K [0x0000000083e00000, 0x0000000100000000)
  region size 1024K, 3 young (3072K), 3 survivors (3072K)
 Metaspace       used 13638K, committed 13824K, reserved 1114112K
  class space    used 1658K, committed 1728K, reserved 1048576K
}
Event: 2.453 GC heap before
{Heap before GC invocations=2 (full 0):
 garbage-first heap   total 129024K, used 59422K [0x0000000083e00000, 0x0000000100000000)
  region size 1024K, 53 young (54272K), 3 survivors (3072K)
 Metaspace       used 21233K, committed 21504K, reserved 1114112K
  class space    used 2600K, committed 2752K, reserved 1048576K
}
Event: 2.462 GC heap after
{Heap after GC invocations=3 (full 0):
 garbage-first heap   total 129024K, used 13648K [0x0000000083e00000, 0x0000000100000000)
  region size 1024K, 7 young (7168K), 7 survivors (7168K)
 Metaspace       used 21233K, committed 21504K, reserved 1114112K
  class space    used 2600K, committed 2752K, reserved 1048576K
}
Event: 3.060 GC heap before
{Heap before GC invocations=4 (full 0):
 garbage-first heap   total 51200K, used 37200K [0x0000000083e00000, 0x0000000100000000)
  region size 1024K, 30 young (30720K), 7 survivors (7168K)
 Metaspace       used 25341K, committed 25728K, reserved 1114112K
  class space    used 3203K, committed 3392K, reserved 1048576K
}
Event: 3.070 GC heap after
{Heap after GC invocations=5 (full 0):
 garbage-first heap   total 51200K, used 16187K [0x0000000083e00000, 0x0000000100000000)
  region size 1024K, 3 young (3072K), 3 survivors (3072K)
 Metaspace       used 25341K, committed 25728K, reserved 1114112K
  class space    used 3203K, committed 3392K, reserved 1048576K
}
Event: 3.094 GC heap before
{Heap before GC invocations=5 (full 0):
 garbage-first heap   total 51200K, used 17211K [0x0000000083e00000, 0x0000000100000000)
  region size 1024K, 4 young (4096K), 3 survivors (3072K)
 Metaspace       used 25493K, committed 25920K, reserved 1114112K
  class space    used 3233K, committed 3456K, reserved 1048576K
}
Event: 3.099 GC heap after
{Heap after GC invocations=6 (full 0):
 garbage-first heap   total 51200K, used 16441K [0x0000000083e00000, 0x0000000100000000)
  region size 1024K, 1 young (1024K), 1 survivors (1024K)
 Metaspace       used 25493K, committed 25920K, reserved 1114112K
  class space    used 3233K, committed 3456K, reserved 1048576K
}
Event: 3.529 GC heap before
{Heap before GC invocations=6 (full 0):
 garbage-first heap   total 51200K, used 35897K [0x0000000083e00000, 0x0000000100000000)
  region size 1024K, 20 young (20480K), 1 survivors (1024K)
 Metaspace       used 29307K, committed 29760K, reserved 1114112K
  class space    used 3725K, committed 3968K, reserved 1048576K
}
Event: 3.532 GC heap after
{Heap after GC invocations=7 (full 0):
 garbage-first heap   total 51200K, used 17567K [0x0000000083e00000, 0x0000000100000000)
  region size 1024K, 2 young (2048K), 2 survivors (2048K)
 Metaspace       used 29307K, committed 29760K, reserved 1114112K
  class space    used 3725K, committed 3968K, reserved 1048576K
}
Event: 4.064 GC heap before
{Heap before GC invocations=7 (full 0):
 garbage-first heap   total 51200K, used 37023K [0x0000000083e00000, 0x0000000100000000)
  region size 1024K, 21 young (21504K), 2 survivors (2048K)
 Metaspace       used 33923K, committed 34368K, reserved 1114112K
  class space    used 4393K, committed 4608K, reserved 1048576K
}
Event: 4.067 GC heap after
{Heap after GC invocations=8 (full 0):
 garbage-first heap   total 51200K, used 18482K [0x0000000083e00000, 0x0000000100000000)
  region size 1024K, 3 young (3072K), 3 survivors (3072K)
 Metaspace       used 33923K, committed 34368K, reserved 1114112K
  class space    used 4393K, committed 4608K, reserved 1048576K
}
Event: 4.234 GC heap before
{Heap before GC invocations=8 (full 0):
 garbage-first heap   total 51200K, used 25650K [0x0000000083e00000, 0x0000000100000000)
  region size 1024K, 11 young (11264K), 3 survivors (3072K)
 Metaspace       used 35557K, committed 35968K, reserved 1114112K
  class space    used 4689K, committed 4928K, reserved 1048576K
}
Event: 4.236 GC heap after
{Heap after GC invocations=9 (full 0):
 garbage-first heap   total 51200K, used 18933K [0x0000000083e00000, 0x0000000100000000)
  region size 1024K, 2 young (2048K), 2 survivors (2048K)
 Metaspace       used 35557K, committed 35968K, reserved 1114112K
  class space    used 4689K, committed 4928K, reserved 1048576K
}
Event: 4.813 GC heap before
{Heap before GC invocations=10 (full 0):
 garbage-first heap   total 51200K, used 38389K [0x0000000083e00000, 0x0000000100000000)
  region size 1024K, 21 young (21504K), 2 survivors (2048K)
 Metaspace       used 40939K, committed 41344K, reserved 1114112K
  class space    used 5403K, committed 5568K, reserved 1048576K
}
Event: 4.815 GC heap after
{Heap after GC invocations=11 (full 0):
 garbage-first heap   total 51200K, used 20054K [0x0000000083e00000, 0x0000000100000000)
  region size 1024K, 3 young (3072K), 3 survivors (3072K)
 Metaspace       used 40939K, committed 41344K, reserved 1114112K
  class space    used 5403K, committed 5568K, reserved 1048576K
}
Event: 4.832 GC heap before
{Heap before GC invocations=11 (full 0):
 garbage-first heap   total 51200K, used 20054K [0x0000000083e00000, 0x0000000100000000)
  region size 1024K, 4 young (4096K), 3 survivors (3072K)
 Metaspace       used 41165K, committed 41664K, reserved 1114112K
  class space    used 5428K, committed 5632K, reserved 1048576K
}
Event: 4.835 GC heap after
{Heap after GC invocations=12 (full 0):
 garbage-first heap   total 51200K, used 19874K [0x0000000083e00000, 0x0000000100000000)
  region size 1024K, 1 young (1024K), 1 survivors (1024K)
 Metaspace       used 41165K, committed 41664K, reserved 1114112K
  class space    used 5428K, committed 5632K, reserved 1048576K
}
Event: 5.234 GC heap before
{Heap before GC invocations=12 (full 0):
 garbage-first heap   total 51200K, used 38306K [0x0000000083e00000, 0x0000000100000000)
  region size 1024K, 20 young (20480K), 1 survivors (1024K)
 Metaspace       used 46565K, committed 47104K, reserved 1114112K
  class space    used 6198K, committed 6464K, reserved 1048576K
}
Event: 5.236 GC heap after
{Heap after GC invocations=13 (full 0):
 garbage-first heap   total 100352K, used 20608K [0x0000000083e00000, 0x0000000100000000)
  region size 1024K, 2 young (2048K), 2 survivors (2048K)
 Metaspace       used 46565K, committed 47104K, reserved 1114112K
  class space    used 6198K, committed 6464K, reserved 1048576K
}

